[2024-12-09T23:16:36.934026+0300][INFO]: Connecting to database (line: 11)
[2024-12-09T23:21:07.568153+0300][INFO]: Connecting to database (line: 11)
[2024-12-09T23:27:05.653504+0300][INFO]: Connecting to database (line: 11)
[2024-12-09T23:27:05.713503+0300][INFO]: Updating users (line: 77)
[2024-12-09T23:27:05.747530+0300][INFO]: Bot started (line: 54)
[2024-12-09T23:27:30.268694+0300][INFO]: Connecting to database (line: 11)
[2024-12-09T23:27:30.282663+0300][INFO]: Updating users (line: 77)
[2024-12-09T23:27:30.295668+0300][INFO]: Bot started (line: 54)
[2024-12-09T23:27:59.216580+0300][INFO]: Connecting to database (line: 11)
[2024-12-09T23:27:59.229579+0300][INFO]: Updating users (line: 77)
[2024-12-09T23:27:59.242545+0300][INFO]: Bot started (line: 54)
[2024-12-09T23:27:59.243541+0300][INFO]: ['815371016', '815371016'] (line: 56)
[2024-12-09T23:28:14.376379+0300][INFO]: Connecting to database (line: 11)
[2024-12-09T23:28:14.390381+0300][INFO]: Updating users (line: 77)
[2024-12-09T23:28:14.403420+0300][INFO]: Bot started (line: 54)
[2024-12-09T23:28:14.403420+0300][INFO]: ['815371016', '815371016'] (line: 56)
[2024-12-09T23:28:50.266659+0300][INFO]: Connecting to database (line: 11)
[2024-12-09T23:28:50.281663+0300][INFO]: Updating users (line: 77)
[2024-12-09T23:28:50.295662+0300][INFO]: Bot started (line: 54)
[2024-12-09T23:28:52.816711+0300][INFO]: New user: 815371016 (line: 201)
[2024-12-09T23:30:05.449489+0300][INFO]: Connecting to database (line: 11)
[2024-12-09T23:30:05.474488+0300][INFO]: Updating users (line: 77)
[2024-12-09T23:30:05.487495+0300][INFO]: Bot started (line: 54)
[2024-12-09T23:30:21.339887+0300][INFO]: Updating 815371016 (line: 135)
[2024-12-09T23:30:21.383549+0300][WARNING]: User already exist (line: 189)
[2024-12-09T23:31:00.754524+0300][INFO]: Connecting to database (line: 11)
[2024-12-09T23:31:00.767512+0300][INFO]: Updating users (line: 77)
[2024-12-09T23:31:00.780549+0300][INFO]: Bot started (line: 54)
[2024-12-09T23:31:03.381421+0300][INFO]: Updating 815371016 (line: 135)
[2024-12-09T23:31:03.384446+0300][WARNING]: User already exist (line: 189)
[2024-12-09T23:32:05.484786+0300][INFO]: Connecting to database (line: 11)
[2024-12-09T23:32:05.548785+0300][INFO]: Updating users (line: 77)
[2024-12-09T23:32:05.561788+0300][INFO]: Bot started (line: 54)
[2024-12-09T23:32:19.912826+0300][INFO]: Updating 815371016 (line: 135)
[2024-12-09T23:32:19.915812+0300][WARNING]: User already exist (line: 189)
[2024-12-09T23:32:37.905532+0300][INFO]: Connecting to database (line: 11)
[2024-12-09T23:32:37.930532+0300][INFO]: Updating users (line: 77)
[2024-12-09T23:32:37.942532+0300][INFO]: Bot started (line: 54)
[2024-12-09T23:32:41.514615+0300][INFO]: Updating 815371016 (line: 135)
[2024-12-09T23:32:41.517613+0300][WARNING]: User already exist (line: 189)
[2024-12-09T23:33:02.997362+0300][INFO]: Connecting to database (line: 11)
[2024-12-09T23:33:03.019368+0300][INFO]: Updating users (line: 77)
[2024-12-09T23:33:03.039361+0300][INFO]: Bot started (line: 54)
[2024-12-09T23:33:05.245900+0300][INFO]: Updating 815371016 (line: 135)
[2024-12-09T23:33:05.248901+0300][WARNING]: User already exist (line: 189)
[2024-12-09T23:33:43.393570+0300][INFO]: Connecting to database (line: 11)
[2024-12-09T23:33:43.416571+0300][INFO]: Updating users (line: 77)
[2024-12-09T23:33:43.429579+0300][INFO]: Bot started (line: 54)
[2024-12-09T23:33:44.801074+0300][INFO]: Updating 815371016 (line: 135)
[2024-12-09T23:33:44.804070+0300][WARNING]: User already exist (line: 189)
[2024-12-10T00:39:38.072430+0300][INFO]: Connecting to database (line: 11)
[2024-12-10T00:39:38.096424+0300][INFO]: Updating users (line: 77)
[2024-12-10T00:39:38.109422+0300][INFO]: Bot started (line: 54)
[2024-12-10T00:40:08.885556+0300][INFO]: Updating 815371016 (line: 135)
[2024-12-10T00:40:08.888561+0300][WARNING]: User already exist (line: 189)
[2024-12-10T00:48:52.711918+0300][INFO]: Connecting to database (line: 11)
[2024-12-10T00:48:52.730917+0300][INFO]: Updating users (line: 77)
[2024-12-10T00:48:52.743919+0300][INFO]: Bot started (line: 54)
[2024-12-10T00:48:59.246905+0300][INFO]: Updating 815371016 (line: 135)
[2024-12-10T00:49:01.401005+0300][INFO]: Updating 815371016 (line: 135)
[2024-12-10T00:52:13.334039+0300][INFO]: Connecting to database (line: 11)
[2024-12-10T00:52:13.360039+0300][INFO]: Updating users (line: 77)
[2024-12-10T00:52:13.373039+0300][INFO]: Bot started (line: 54)
[2024-12-10T00:52:24.790830+0300][INFO]: Connecting to database (line: 11)
[2024-12-10T00:52:24.813806+0300][INFO]: Updating users (line: 77)
[2024-12-10T00:52:24.825805+0300][INFO]: Bot started (line: 54)
[2024-12-10T00:52:35.435931+0300][INFO]: Updating 815371016 (line: 135)
[2024-12-10T01:48:28.659394+0300][INFO]: Connecting to database (line: 11)
[2024-12-10T01:48:28.699393+0300][INFO]: Updating users (line: 77)
[2024-12-10T01:48:28.712392+0300][INFO]: Bot started (line: 52)
[2024-12-10T01:48:54.661473+0300][INFO]: Connecting to database (line: 11)
[2024-12-10T01:48:54.684472+0300][INFO]: Updating users (line: 77)
[2024-12-10T01:48:54.696472+0300][INFO]: Bot started (line: 52)
[2024-12-10T01:49:56.557855+0300][INFO]: Connecting to database (line: 11)
[2024-12-10T01:49:56.580856+0300][INFO]: Updating users (line: 77)
[2024-12-10T01:49:56.597858+0300][INFO]: Bot started (line: 52)
[2024-12-10T01:50:38.919448+0300][INFO]: Connecting to database (line: 11)
[2024-12-10T01:50:38.944422+0300][INFO]: Updating users (line: 77)
[2024-12-10T01:50:38.957418+0300][INFO]: Bot started (line: 53)
[2024-12-10T01:50:55.061140+0300][INFO]: Connecting to database (line: 11)
[2024-12-10T01:50:55.124137+0300][INFO]: Updating users (line: 77)
[2024-12-10T01:50:55.136138+0300][INFO]: Bot started (line: 53)
[2024-12-10T01:52:31.395907+0300][INFO]: Connecting to database (line: 11)
[2024-12-10T01:52:31.420905+0300][INFO]: Updating users (line: 77)
[2024-12-10T01:52:31.431903+0300][INFO]: Bot started (line: 53)
[2024-12-10T01:53:07.978663+0300][INFO]: Connecting to database (line: 11)
[2024-12-10T01:53:08.002667+0300][INFO]: Updating users (line: 77)
[2024-12-10T01:53:08.015661+0300][INFO]: Bot started (line: 53)
[2024-12-10T01:53:57.378073+0300][INFO]: Connecting to database (line: 11)
[2024-12-10T01:53:57.401034+0300][INFO]: Updating users (line: 77)
[2024-12-10T01:53:57.413035+0300][INFO]: Bot started (line: 53)
[2024-12-10T01:54:41.616576+0300][INFO]: Connecting to database (line: 11)
[2024-12-10T01:54:41.640579+0300][INFO]: Updating users (line: 77)
[2024-12-10T01:54:41.653586+0300][INFO]: Bot started (line: 53)
[2024-12-10T19:15:54.505961+0300][INFO]: Connecting to database (line: 11)
[2024-12-10T19:15:54.556959+0300][INFO]: Updating users (line: 77)
[2024-12-10T19:15:54.586294+0300][INFO]: Bot started (line: 53)
[2024-12-10T19:18:08.405743+0300][INFO]: Connecting to database (line: 11)
[2024-12-10T19:18:08.438742+0300][INFO]: Updating users (line: 77)
[2024-12-10T19:18:08.451740+0300][INFO]: Bot started (line: 53)
[2024-12-10T19:18:50.144283+0300][INFO]: Connecting to database (line: 11)
[2024-12-10T19:18:50.162283+0300][INFO]: Updating users (line: 77)
[2024-12-10T19:18:50.175282+0300][INFO]: Bot started (line: 53)
[2024-12-10T19:19:01.991898+0300][INFO]: Connecting to database (line: 11)
[2024-12-10T19:19:02.017908+0300][INFO]: Updating users (line: 77)
[2024-12-10T19:19:02.030898+0300][INFO]: Bot started (line: 53)
[2024-12-10T19:19:19.606339+0300][INFO]: Updating 815371016 (line: 130)
[2024-12-10T19:19:35.810089+0300][INFO]: Connecting to database (line: 11)
[2024-12-10T19:19:35.828087+0300][INFO]: Updating users (line: 77)
[2024-12-10T19:19:35.840086+0300][INFO]: Bot started (line: 53)
[2024-12-10T19:19:49.516624+0300][INFO]: Connecting to database (line: 11)
[2024-12-10T19:19:49.533617+0300][INFO]: Updating users (line: 77)
[2024-12-10T19:19:49.546625+0300][INFO]: Bot started (line: 53)
[2024-12-10T19:20:21.324573+0300][INFO]: Connecting to database (line: 11)
[2024-12-10T19:20:21.349573+0300][INFO]: Updating users (line: 77)
[2024-12-10T19:20:21.361573+0300][INFO]: Bot started (line: 53)
[2024-12-10T19:20:31.413405+0300][INFO]: Connecting to database (line: 11)
[2024-12-10T19:20:31.440402+0300][INFO]: Updating users (line: 77)
[2024-12-10T19:20:31.454400+0300][INFO]: Bot started (line: 53)
[2024-12-10T19:24:14.225338+0300][INFO]: Connecting to database (line: 11)
[2024-12-10T19:24:14.246321+0300][INFO]: Updating users (line: 77)
[2024-12-10T19:24:14.259343+0300][INFO]: Bot started (line: 53)
[2024-12-10T19:24:44.114909+0300][INFO]: Connecting to database (line: 11)
[2024-12-10T19:24:44.131909+0300][INFO]: Updating users (line: 77)
[2024-12-10T19:24:44.144939+0300][INFO]: Bot started (line: 53)
[2024-12-10T19:25:00.130777+0300][INFO]: Connecting to database (line: 11)
[2024-12-10T19:25:00.147778+0300][INFO]: Updating users (line: 77)
[2024-12-10T19:25:00.160807+0300][INFO]: Bot started (line: 53)
[2024-12-10T19:25:01.407809+0300][WARNING]: User already exist (line: 184)
[2024-12-10T19:25:30.588754+0300][INFO]: Connecting to database (line: 11)
[2024-12-10T19:25:30.607756+0300][INFO]: Updating users (line: 77)
[2024-12-10T19:25:30.620762+0300][INFO]: Bot started (line: 53)
[2024-12-10T19:25:48.839258+0300][INFO]: Connecting to database (line: 11)
[2024-12-10T19:25:48.855256+0300][INFO]: Updating users (line: 77)
[2024-12-10T19:25:48.868264+0300][INFO]: Bot started (line: 53)
[2024-12-10T19:33:31.488771+0300][INFO]: Connecting to database (line: 11)
[2024-12-10T19:33:31.507772+0300][INFO]: Updating users (line: 77)
[2024-12-10T19:33:31.525774+0300][INFO]: Bot started (line: 53)
[2024-12-10T19:34:00.843002+0300][INFO]: Updating 815371016 (line: 130)
[2024-12-10T19:43:50.659131+0300][INFO]: Connecting to database (line: 11)
[2024-12-10T19:44:01.939969+0300][INFO]: Connecting to database (line: 11)
[2024-12-10T19:44:01.970969+0300][INFO]: Updating users (line: 83)
[2024-12-10T19:44:01.985968+0300][INFO]: Bot started (line: 53)
[2024-12-10T19:44:29.437091+0300][INFO]: Connecting to database (line: 11)
[2024-12-10T19:44:29.469091+0300][INFO]: Updating users (line: 83)
[2024-12-10T19:44:29.482093+0300][INFO]: Bot started (line: 53)
[2024-12-10T19:44:46.329975+0300][INFO]: Connecting to database (line: 11)
[2024-12-10T19:44:46.357962+0300][INFO]: Updating users (line: 83)
[2024-12-10T19:44:46.372961+0300][INFO]: Bot started (line: 53)
[2024-12-10T19:45:20.330974+0300][INFO]: Connecting to database (line: 11)
[2024-12-10T19:45:20.356977+0300][INFO]: Updating users (line: 83)
[2024-12-10T19:45:20.369973+0300][INFO]: Bot started (line: 53)
[2024-12-10T19:46:20.778437+0300][INFO]: Connecting to database (line: 11)
[2024-12-10T19:46:20.805437+0300][INFO]: Updating users (line: 83)
[2024-12-10T19:46:20.817439+0300][INFO]: Bot started (line: 53)
[2024-12-10T19:46:43.899023+0300][INFO]: Connecting to database (line: 11)
[2024-12-10T19:46:43.918031+0300][INFO]: Updating users (line: 83)
[2024-12-10T19:46:43.931022+0300][INFO]: Bot started (line: 53)
[2024-12-10T19:47:02.666129+0300][INFO]: Connecting to database (line: 11)
[2024-12-10T19:47:02.686132+0300][INFO]: Updating users (line: 83)
[2024-12-10T19:47:02.698131+0300][INFO]: Bot started (line: 53)
[2024-12-10T19:47:14.304296+0300][INFO]: Connecting to database (line: 11)
[2024-12-10T19:47:14.331300+0300][INFO]: Updating users (line: 83)
[2024-12-10T19:47:14.343330+0300][INFO]: Bot started (line: 53)
[2024-12-10T20:06:55.188683+0300][INFO]: Connecting to database (line: 11)
[2024-12-10T20:06:55.210684+0300][INFO]: Updating users (line: 83)
[2024-12-10T20:06:55.223693+0300][INFO]: Bot started (line: 53)
[2024-12-10T20:07:17.795537+0300][INFO]: Connecting to database (line: 11)
[2024-12-10T20:07:17.818541+0300][INFO]: Updating users (line: 83)
[2024-12-10T20:07:17.831540+0300][INFO]: Bot started (line: 53)
[2024-12-10T20:07:48.362285+0300][INFO]: Connecting to database (line: 11)
[2024-12-10T20:07:48.377284+0300][INFO]: Updating users (line: 83)
[2024-12-10T20:07:48.390284+0300][INFO]: Bot started (line: 53)
[2024-12-10T20:08:05.138010+0300][INFO]: Connecting to database (line: 11)
[2024-12-10T20:08:05.166007+0300][INFO]: Updating users (line: 83)
[2024-12-10T20:08:05.179024+0300][INFO]: Bot started (line: 53)
[2024-12-10T20:08:19.032093+0300][INFO]: Connecting to database (line: 11)
[2024-12-10T20:08:19.059123+0300][INFO]: Updating users (line: 83)
[2024-12-10T20:08:19.071099+0300][INFO]: Bot started (line: 53)
[2024-12-10T20:09:18.929382+0300][INFO]: Connecting to database (line: 11)
[2024-12-10T20:09:18.945345+0300][INFO]: Updating users (line: 83)
[2024-12-10T20:09:18.958350+0300][INFO]: Bot started (line: 53)
[2024-12-10T20:10:15.307624+0300][INFO]: Connecting to database (line: 11)
[2024-12-10T20:10:15.323593+0300][INFO]: Updating users (line: 83)
[2024-12-10T20:10:15.335601+0300][INFO]: Bot started (line: 53)
[2024-12-10T20:10:34.886921+0300][INFO]: Connecting to database (line: 11)
[2024-12-10T20:10:34.901920+0300][INFO]: Updating users (line: 83)
[2024-12-10T20:10:34.914924+0300][INFO]: Bot started (line: 53)
[2024-12-10T20:14:27.949066+0300][INFO]: Connecting to database (line: 11)
[2024-12-10T20:14:27.979066+0300][INFO]: Updating users (line: 83)
[2024-12-10T20:14:27.992066+0300][INFO]: Bot started (line: 53)
[2024-12-10T20:14:54.334676+0300][INFO]: Connecting to database (line: 11)
[2024-12-10T20:14:54.362677+0300][INFO]: Updating users (line: 83)
[2024-12-10T20:14:54.373676+0300][INFO]: Bot started (line: 53)
[2024-12-10T20:15:09.685555+0300][INFO]: Connecting to database (line: 11)
[2024-12-10T20:15:09.703556+0300][INFO]: Updating users (line: 83)
[2024-12-10T20:15:09.715554+0300][INFO]: Bot started (line: 53)
[2024-12-10T20:15:28.277425+0300][INFO]: Connecting to database (line: 11)
[2024-12-10T20:15:28.314664+0300][INFO]: Updating users (line: 83)
[2024-12-10T20:15:28.327166+0300][INFO]: Bot started (line: 53)
[2024-12-10T20:15:40.248070+0300][INFO]: Connecting to database (line: 11)
[2024-12-10T20:15:40.265036+0300][INFO]: Updating users (line: 83)
[2024-12-10T20:15:40.280035+0300][INFO]: Bot started (line: 53)
[2024-12-10T20:16:07.942239+0300][INFO]: Connecting to database (line: 11)
[2024-12-10T20:16:07.961557+0300][INFO]: Updating users (line: 83)
[2024-12-10T20:16:07.974556+0300][INFO]: Bot started (line: 53)
[2024-12-10T20:16:28.021068+0300][INFO]: Connecting to database (line: 11)
[2024-12-10T20:16:28.037067+0300][INFO]: Updating users (line: 83)
[2024-12-10T20:16:28.050070+0300][INFO]: Bot started (line: 53)
[2024-12-10T20:17:47.295473+0300][INFO]: Connecting to database (line: 11)
[2024-12-10T20:17:47.309473+0300][INFO]: Updating users (line: 83)
[2024-12-10T20:17:47.322473+0300][INFO]: Bot started (line: 53)
[2024-12-10T20:18:01.339174+0300][INFO]: Connecting to database (line: 11)
[2024-12-10T20:18:01.354168+0300][INFO]: Updating users (line: 83)
[2024-12-10T20:18:01.367172+0300][INFO]: Bot started (line: 53)
[2024-12-10T20:18:33.358476+0300][INFO]: Connecting to database (line: 11)
[2024-12-10T20:18:33.375476+0300][INFO]: Updating users (line: 83)
[2024-12-10T20:18:33.387475+0300][INFO]: Bot started (line: 53)
[2024-12-10T20:22:53.162025+0300][INFO]: Connecting to database (line: 11)
[2024-12-10T20:22:53.178990+0300][INFO]: Updating users (line: 83)
[2024-12-10T20:22:53.192003+0300][INFO]: Bot started (line: 53)
[2024-12-10T20:23:11.949268+0300][INFO]: Connecting to database (line: 11)
[2024-12-10T20:23:11.967269+0300][INFO]: Updating users (line: 83)
[2024-12-10T20:23:11.979298+0300][INFO]: Bot started (line: 53)
[2024-12-10T20:23:30.896750+0300][INFO]: Connecting to database (line: 11)
[2024-12-10T20:23:30.912736+0300][INFO]: Updating users (line: 83)
[2024-12-10T20:23:30.925739+0300][INFO]: Bot started (line: 53)
[2024-12-10T20:23:53.051689+0300][INFO]: Connecting to database (line: 11)
[2024-12-10T20:23:53.067684+0300][INFO]: Updating users (line: 83)
[2024-12-10T20:23:53.079690+0300][INFO]: Bot started (line: 53)
[2024-12-10T20:25:45.474652+0300][INFO]: Connecting to database (line: 11)
[2024-12-10T20:25:45.503663+0300][INFO]: Updating users (line: 83)
[2024-12-10T20:26:06.067691+0300][INFO]: Connecting to database (line: 11)
[2024-12-10T20:26:06.082705+0300][INFO]: Updating users (line: 83)
[2024-12-10T20:26:06.094691+0300][INFO]: Bot started (line: 53)
[2024-12-10T20:27:17.515922+0300][INFO]: Connecting to database (line: 11)
[2024-12-10T20:27:17.541918+0300][INFO]: Updating users (line: 83)
[2024-12-10T20:27:17.553916+0300][INFO]: Bot started (line: 53)
[2024-12-10T20:28:22.316065+0300][INFO]: Connecting to database (line: 11)
[2024-12-10T20:28:22.334065+0300][INFO]: Updating users (line: 83)
[2024-12-10T20:28:22.347071+0300][INFO]: Bot started (line: 53)
[2024-12-10T20:29:04.637888+0300][INFO]: Connecting to database (line: 11)
[2024-12-10T20:29:04.665072+0300][INFO]: Updating users (line: 83)
[2024-12-10T20:29:04.678076+0300][INFO]: Bot started (line: 53)
[2024-12-10T20:29:28.350595+0300][INFO]: Connecting to database (line: 11)
[2024-12-10T20:29:28.369595+0300][INFO]: Updating users (line: 83)
[2024-12-10T20:29:28.382596+0300][INFO]: Bot started (line: 53)
[2024-12-10T20:31:04.797823+0300][INFO]: Connecting to database (line: 11)
[2024-12-10T20:31:15.802754+0300][INFO]: Connecting to database (line: 11)
[2024-12-10T20:31:15.819755+0300][INFO]: Updating users (line: 83)
[2024-12-10T20:31:15.833761+0300][INFO]: Bot started (line: 53)
[2024-12-10T20:31:43.273835+0300][INFO]: New user: 815371016 (line: 207)
[2024-12-10T20:32:29.033017+0300][INFO]: Connecting to database (line: 11)
[2024-12-10T20:32:29.049015+0300][INFO]: Updating users (line: 83)
[2024-12-10T20:32:29.061014+0300][INFO]: Bot started (line: 53)
[2024-12-10T20:38:34.988357+0300][INFO]: Connecting to database (line: 11)
[2024-12-10T20:38:35.005324+0300][INFO]: Updating users (line: 83)
[2024-12-10T20:38:35.017322+0300][INFO]: Bot started (line: 53)
[2024-12-10T20:38:51.670798+0300][INFO]: Updating 815371016 (line: 136)
[2024-12-10T20:39:09.688200+0300][INFO]: Connecting to database (line: 11)
[2024-12-10T20:39:09.705200+0300][INFO]: Updating users (line: 83)
[2024-12-10T20:39:09.721202+0300][INFO]: Bot started (line: 53)
[2024-12-10T20:39:28.747516+0300][INFO]: Connecting to database (line: 11)
[2024-12-10T20:39:28.763515+0300][INFO]: Updating users (line: 83)
[2024-12-10T20:39:28.775516+0300][INFO]: Bot started (line: 53)
[2024-12-10T20:40:03.497392+0300][INFO]: Connecting to database (line: 11)
[2024-12-10T20:40:03.513395+0300][INFO]: Updating users (line: 83)
[2024-12-10T20:40:03.525399+0300][INFO]: Bot started (line: 53)
[2024-12-10T20:40:15.370295+0300][INFO]: Connecting to database (line: 11)
[2024-12-10T20:40:15.388294+0300][INFO]: Updating users (line: 83)
[2024-12-10T20:40:15.401293+0300][INFO]: Bot started (line: 53)
[2024-12-10T21:07:55.870813+0300][INFO]: Connecting to database (line: 11)
[2024-12-10T21:07:55.910570+0300][INFO]: Updating users (line: 83)
[2024-12-10T21:17:15.519426+0300][INFO]: Connecting to database (line: 11)
[2024-12-10T21:17:15.576425+0300][INFO]: Updating users (line: 83)
[2024-12-10T21:18:34.461207+0300][INFO]: Connecting to database (line: 11)
[2024-12-10T21:18:34.478208+0300][INFO]: Updating users (line: 83)
[2024-12-10T21:18:34.495206+0300][INFO]: Bot started (line: 64)
[2024-12-10T21:19:07.368326+0300][INFO]: Connecting to database (line: 11)
[2024-12-10T21:19:07.385326+0300][INFO]: Updating users (line: 83)
[2024-12-10T21:19:07.402334+0300][INFO]: Bot started (line: 64)
[2024-12-10T21:19:09.636432+0300][WARNING]: User already exist (line: 195)
[2024-12-10T21:19:46.607647+0300][INFO]: Updating 815371016 (line: 136)
[2024-12-10T21:20:04.461899+0300][INFO]: New user: 7952237455 (line: 207)
[2024-12-10T21:21:13.480701+0300][INFO]: Connecting to database (line: 11)
[2024-12-10T21:21:13.510702+0300][INFO]: Updating users (line: 83)
[2024-12-10T21:21:13.527702+0300][INFO]: Bot started (line: 64)
[2024-12-10T21:21:15.850810+0300][INFO]: New user: 7952237455 (line: 207)
[2024-12-10T21:21:34.229902+0300][INFO]: Connecting to database (line: 11)
[2024-12-10T21:21:34.246901+0300][INFO]: Updating users (line: 83)
[2024-12-10T21:21:34.263899+0300][INFO]: Bot started (line: 64)
[2024-12-10T21:21:59.534115+0300][WARNING]: User already exist (line: 195)
[2024-12-10T21:22:46.721931+0300][INFO]: Connecting to database (line: 11)
[2024-12-10T21:22:46.739919+0300][INFO]: Updating users (line: 83)
[2024-12-10T21:22:46.757981+0300][INFO]: Bot started (line: 64)
[2024-12-10T21:22:51.069439+0300][INFO]: New user: 7952237455 (line: 207)
[2024-12-10T21:22:56.019777+0300][WARNING]: User already exist (line: 195)
[2024-12-10T21:23:03.325780+0300][WARNING]: User already exist (line: 195)
[2024-12-11T17:29:17.783563+0300][INFO]: Connecting to database (line: 11)
[2024-12-11T17:29:17.819565+0300][INFO]: Updating users (line: 83)
[2024-12-11T17:29:17.854567+0300][INFO]: Bot started (line: 96)
[2024-12-11T17:30:52.209688+0300][INFO]: New user: 6346467653 (line: 207)
[2024-12-11T17:32:26.217764+0300][INFO]: Connecting to database (line: 11)
[2024-12-11T17:32:26.248764+0300][INFO]: Updating users (line: 83)
[2024-12-11T17:32:26.270763+0300][INFO]: Bot started (line: 96)
[2024-12-11T17:33:05.678005+0300][INFO]: Connecting to database (line: 11)
[2024-12-11T17:33:05.698004+0300][INFO]: Updating users (line: 83)
[2024-12-11T17:33:05.715004+0300][INFO]: Bot started (line: 96)
[2024-12-11T17:34:22.314308+0300][WARNING]: User already exist (line: 195)
[2024-12-11T17:34:38.223523+0300][WARNING]: User already exist (line: 195)
[2024-12-11T19:46:37.005304+0300][INFO]: Connecting to database (line: 11)
[2024-12-11T19:46:51.925323+0300][INFO]: Connecting to database (line: 11)
[2024-12-11T19:46:51.953321+0300][INFO]: Updating users (line: 83)
[2024-12-11T19:46:51.970322+0300][INFO]: Bot started (line: 93)
[2024-12-11T19:48:04.860172+0300][INFO]: Connecting to database (line: 11)
[2024-12-11T19:48:04.888172+0300][INFO]: Updating users (line: 83)
[2024-12-11T19:48:04.904177+0300][INFO]: Bot started (line: 93)
[2024-12-11T19:48:09.715114+0300][WARNING]: User already exist (line: 205)
[2024-12-11T19:48:31.173282+0300][WARNING]: User already exist (line: 205)
[2024-12-11T19:48:43.654942+0300][WARNING]: User already exist (line: 205)
[2024-12-11T19:49:34.358945+0300][WARNING]: User already exist (line: 205)
[2024-12-11T19:50:24.043430+0300][WARNING]: User already exist (line: 205)
[2024-12-11T19:50:36.092915+0300][INFO]: Connecting to database (line: 11)
[2024-12-11T19:50:36.111913+0300][INFO]: Updating users (line: 83)
[2024-12-11T19:50:36.128913+0300][INFO]: Bot started (line: 93)
[2024-12-11T19:50:48.358078+0300][INFO]: Connecting to database (line: 11)
[2024-12-11T19:50:48.384059+0300][INFO]: Updating users (line: 83)
[2024-12-11T19:50:48.402073+0300][INFO]: Bot started (line: 93)
[2024-12-11T19:51:37.875626+0300][INFO]: Connecting to database (line: 11)
[2024-12-11T19:51:37.900623+0300][INFO]: Updating users (line: 83)
[2024-12-11T19:51:37.917625+0300][INFO]: Bot started (line: 93)
[2024-12-11T19:51:40.434024+0300][INFO]: New user: 6346467653 (line: 198)
[2024-12-11T19:51:53.370714+0300][INFO]: Connecting to database (line: 11)
[2024-12-11T19:51:53.412715+0300][INFO]: Updating users (line: 83)
[2024-12-11T19:51:53.429721+0300][INFO]: Bot started (line: 93)
[2024-12-11T19:52:01.613607+0300][INFO]: New user: 6346467653 (line: 198)
[2024-12-11T19:54:03.856744+0300][INFO]: Connecting to database (line: 11)
[2024-12-11T19:54:03.886744+0300][INFO]: Updating users (line: 83)
[2024-12-11T19:54:03.905744+0300][INFO]: Bot started (line: 93)
[2024-12-11T19:54:19.961016+0300][INFO]: Connecting to database (line: 11)
[2024-12-11T19:54:19.976001+0300][INFO]: Updating users (line: 83)
[2024-12-11T19:54:19.992031+0300][INFO]: Bot started (line: 93)
[2024-12-11T19:54:27.892245+0300][INFO]: New user: 6346467653 (line: 198)
[2024-12-11T19:55:06.151978+0300][INFO]: Connecting to database (line: 11)
[2024-12-11T19:55:06.172861+0300][INFO]: Updating users (line: 83)
[2024-12-11T19:55:06.191861+0300][INFO]: Bot started (line: 93)
[2024-12-11T19:55:25.403486+0300][INFO]: Connecting to database (line: 11)
[2024-12-11T19:55:25.418486+0300][INFO]: Updating users (line: 83)
[2024-12-11T19:55:25.435486+0300][INFO]: Bot started (line: 93)
[2024-12-11T19:55:38.883629+0300][INFO]: Connecting to database (line: 11)
[2024-12-11T19:55:38.909630+0300][INFO]: Updating users (line: 83)
[2024-12-11T19:55:38.929627+0300][INFO]: Bot started (line: 94)
[2024-12-11T19:55:42.759634+0300][WARNING]: User already exist (line: 186)
[2024-12-11T19:57:14.926043+0300][INFO]: Connecting to database (line: 11)
[2024-12-11T19:57:14.946038+0300][INFO]: Updating users (line: 83)
[2024-12-11T19:57:14.963039+0300][INFO]: Bot started (line: 94)
[2024-12-11T19:57:29.209753+0300][INFO]: Connecting to database (line: 11)
[2024-12-11T19:57:29.236758+0300][INFO]: Updating users (line: 83)
[2024-12-11T19:57:29.254755+0300][INFO]: Bot started (line: 94)
[2024-12-11T19:57:43.127222+0300][WARNING]: User already exist (line: 186)
[2024-12-11T19:58:41.495411+0300][INFO]: Connecting to database (line: 11)
[2024-12-11T19:58:41.523552+0300][INFO]: Updating users (line: 83)
[2024-12-11T19:58:41.541550+0300][INFO]: Bot started (line: 94)
[2024-12-11T19:59:04.231413+0300][INFO]: Connecting to database (line: 11)
[2024-12-11T19:59:04.257406+0300][INFO]: Updating users (line: 83)
[2024-12-11T19:59:04.274408+0300][INFO]: Bot started (line: 94)
[2024-12-11T19:59:31.130886+0300][INFO]: Connecting to database (line: 11)
[2024-12-11T19:59:31.154876+0300][INFO]: Updating users (line: 83)
[2024-12-11T19:59:31.171876+0300][INFO]: Bot started (line: 94)
[2024-12-11T19:59:44.798214+0300][INFO]: Connecting to database (line: 11)
[2024-12-11T19:59:44.817206+0300][INFO]: Updating users (line: 83)
[2024-12-11T19:59:44.835207+0300][INFO]: Bot started (line: 94)
[2024-12-11T20:01:25.573152+0300][INFO]: Connecting to database (line: 11)
[2024-12-11T20:01:25.593128+0300][INFO]: Updating users (line: 83)
[2024-12-11T20:01:25.610119+0300][INFO]: Bot started (line: 97)
[2024-12-11T20:01:27.007453+0300][WARNING]: User already exist (line: 186)
[2024-12-11T20:01:32.009737+0300][WARNING]: User already exist (line: 186)
[2024-12-11T20:02:27.045085+0300][INFO]: Connecting to database (line: 11)
[2024-12-11T20:02:27.062087+0300][INFO]: Updating users (line: 83)
[2024-12-11T20:02:27.080086+0300][INFO]: Bot started (line: 97)
[2024-12-11T20:02:32.651454+0300][WARNING]: User already exist (line: 186)
[2024-12-11T20:02:42.848176+0300][INFO]: Connecting to database (line: 11)
[2024-12-11T20:02:42.865180+0300][INFO]: Updating users (line: 83)
[2024-12-11T20:02:42.882176+0300][INFO]: Bot started (line: 97)
[2024-12-11T20:02:44.207253+0300][WARNING]: User already exist (line: 186)
[2024-12-11T20:03:28.292535+0300][INFO]: Connecting to database (line: 11)
[2024-12-11T20:03:28.319550+0300][INFO]: Updating users (line: 83)
[2024-12-11T20:03:28.335542+0300][INFO]: Bot started (line: 97)
[2024-12-11T20:04:17.642563+0300][INFO]: Connecting to database (line: 11)
[2024-12-11T20:04:17.668562+0300][INFO]: Updating users (line: 83)
[2024-12-11T20:04:17.686561+0300][INFO]: Bot started (line: 97)
[2024-12-11T20:04:34.132641+0300][INFO]: Connecting to database (line: 11)
[2024-12-11T20:04:34.159641+0300][INFO]: Updating users (line: 83)
[2024-12-11T20:04:34.176650+0300][INFO]: Bot started (line: 97)
[2024-12-11T20:04:44.537169+0300][INFO]: Connecting to database (line: 11)
[2024-12-11T20:04:44.564169+0300][INFO]: Updating users (line: 83)
[2024-12-11T20:04:44.581167+0300][INFO]: Bot started (line: 97)
[2024-12-11T20:06:20.236149+0300][INFO]: Connecting to database (line: 11)
[2024-12-11T20:06:20.265163+0300][INFO]: Updating users (line: 83)
[2024-12-11T20:06:20.282335+0300][INFO]: Bot started (line: 97)
[2024-12-11T20:06:51.117144+0300][INFO]: Connecting to database (line: 11)
[2024-12-11T20:06:51.152145+0300][INFO]: Updating users (line: 83)
[2024-12-11T20:06:51.169145+0300][INFO]: Bot started (line: 97)
[2024-12-11T20:07:28.112580+0300][INFO]: Connecting to database (line: 11)
[2024-12-11T20:07:28.143571+0300][INFO]: Updating users (line: 83)
[2024-12-11T20:07:28.160572+0300][INFO]: Bot started (line: 97)
[2024-12-11T20:08:07.860434+0300][INFO]: Connecting to database (line: 11)
[2024-12-11T20:08:07.885434+0300][INFO]: Updating users (line: 83)
[2024-12-11T20:08:07.901435+0300][INFO]: Bot started (line: 97)
[2024-12-11T20:08:53.354089+0300][INFO]: Connecting to database (line: 11)
[2024-12-11T20:08:53.381089+0300][INFO]: Updating users (line: 83)
[2024-12-11T20:08:53.397089+0300][INFO]: Bot started (line: 97)
[2024-12-11T20:09:32.161093+0300][INFO]: Connecting to database (line: 11)
[2024-12-11T20:09:32.199069+0300][INFO]: Updating users (line: 83)
[2024-12-11T20:09:43.834227+0300][INFO]: Connecting to database (line: 11)
[2024-12-11T20:09:43.863205+0300][INFO]: Updating users (line: 83)
[2024-12-11T20:09:43.885206+0300][INFO]: Bot started (line: 97)
[2024-12-11T20:10:04.037855+0300][INFO]: Connecting to database (line: 11)
[2024-12-11T20:10:04.065855+0300][INFO]: Updating users (line: 83)
[2024-12-11T20:10:04.083850+0300][INFO]: Bot started (line: 97)
[2024-12-11T20:10:49.725603+0300][INFO]: Connecting to database (line: 11)
[2024-12-11T20:10:49.750974+0300][INFO]: Updating users (line: 83)
[2024-12-11T20:10:49.766972+0300][INFO]: Bot started (line: 97)
[2024-12-11T20:11:09.077127+0300][INFO]: Connecting to database (line: 11)
[2024-12-11T20:11:09.103680+0300][INFO]: Updating users (line: 83)
[2024-12-11T20:11:09.123680+0300][INFO]: Bot started (line: 97)
[2024-12-11T20:11:28.230179+0300][INFO]: Connecting to database (line: 11)
[2024-12-11T20:11:28.257181+0300][INFO]: Updating users (line: 83)
[2024-12-11T20:11:28.274513+0300][INFO]: Bot started (line: 97)
[2024-12-11T20:11:43.171890+0300][INFO]: Connecting to database (line: 11)
[2024-12-11T20:11:43.190889+0300][INFO]: Updating users (line: 83)
[2024-12-11T20:11:43.207732+0300][INFO]: Bot started (line: 97)
[2024-12-11T20:15:14.540539+0300][WARNING]: User already exist (line: 186)
[2024-12-11T20:15:16.856847+0300][WARNING]: User already exist (line: 186)
[2024-12-11T20:15:17.701441+0300][WARNING]: User already exist (line: 186)
[2024-12-11T20:15:19.002786+0300][WARNING]: User already exist (line: 186)
[2024-12-11T20:15:19.312755+0300][WARNING]: User already exist (line: 186)
[2024-12-11T20:15:19.531036+0300][WARNING]: User already exist (line: 186)
[2024-12-11T20:15:20.031131+0300][WARNING]: User already exist (line: 186)
[2024-12-11T20:15:20.241245+0300][WARNING]: User already exist (line: 186)
[2024-12-11T20:15:20.431658+0300][WARNING]: User already exist (line: 186)
[2024-12-11T20:15:20.687441+0300][WARNING]: User already exist (line: 186)
[2024-12-11T20:15:20.963678+0300][WARNING]: User already exist (line: 186)
[2024-12-11T20:15:59.480492+0300][INFO]: Connecting to database (line: 11)
[2024-12-11T20:15:59.509492+0300][INFO]: Updating users (line: 83)
[2024-12-11T20:15:59.527493+0300][INFO]: Bot started (line: 97)
[2024-12-11T20:16:33.775410+0300][INFO]: Connecting to database (line: 11)
[2024-12-11T20:16:33.792424+0300][INFO]: Updating users (line: 83)
[2024-12-11T20:16:33.810454+0300][INFO]: Bot started (line: 97)
[2024-12-11T20:16:34.094369+0300][WARNING]: User already exist (line: 186)
[2024-12-11T20:16:34.097372+0300][WARNING]: User already exist (line: 186)
[2024-12-11T20:16:34.099369+0300][WARNING]: User already exist (line: 186)
[2024-12-11T20:16:34.101371+0300][WARNING]: User already exist (line: 186)
[2024-12-11T20:16:34.103056+0300][WARNING]: User already exist (line: 186)
[2024-12-11T20:16:34.106061+0300][WARNING]: User already exist (line: 186)
[2024-12-11T20:16:34.108028+0300][WARNING]: User already exist (line: 186)
[2024-12-11T20:16:34.110029+0300][WARNING]: User already exist (line: 186)
[2024-12-11T20:16:34.112029+0300][WARNING]: User already exist (line: 186)
[2024-12-11T20:16:34.115034+0300][WARNING]: User already exist (line: 186)
[2024-12-11T20:17:17.293514+0300][WARNING]: User already exist (line: 186)
[2024-12-11T20:21:29.517427+0300][INFO]: Connecting to database (line: 11)
[2024-12-11T20:21:29.544428+0300][INFO]: Updating users (line: 83)
[2024-12-11T20:21:29.561428+0300][INFO]: Bot started (line: 97)
[2024-12-11T20:21:51.806430+0300][INFO]: Connecting to database (line: 11)
[2024-12-11T20:21:51.831430+0300][INFO]: Updating users (line: 83)
[2024-12-11T20:21:51.847430+0300][INFO]: Bot started (line: 97)
[2024-12-11T20:23:51.167101+0300][INFO]: Connecting to database (line: 11)
[2024-12-11T20:23:51.196105+0300][INFO]: Updating users (line: 83)
[2024-12-11T20:23:51.213104+0300][INFO]: Bot started (line: 93)
[2024-12-11T20:24:13.464927+0300][INFO]: Connecting to database (line: 11)
[2024-12-11T20:24:13.491927+0300][INFO]: Updating users (line: 83)
[2024-12-11T20:24:13.509927+0300][INFO]: Bot started (line: 93)
[2024-12-11T20:24:50.717945+0300][INFO]: Connecting to database (line: 11)
[2024-12-11T20:25:00.847026+0300][INFO]: Connecting to database (line: 11)
[2024-12-11T20:25:00.868025+0300][INFO]: Updating users (line: 83)
[2024-12-11T20:25:00.886024+0300][INFO]: Bot started (line: 93)
[2024-12-11T20:25:57.252045+0300][INFO]: Connecting to database (line: 11)
[2024-12-11T20:25:57.277618+0300][INFO]: Updating users (line: 83)
[2024-12-11T20:25:57.293965+0300][INFO]: Bot started (line: 93)
[2024-12-11T20:26:13.337012+0300][INFO]: Connecting to database (line: 11)
[2024-12-11T20:26:13.363012+0300][INFO]: Updating users (line: 83)
[2024-12-11T20:26:13.380013+0300][INFO]: Bot started (line: 93)
[2024-12-11T21:43:27.936301+0300][INFO]: Connecting to database (line: 11)
[2024-12-11T21:44:08.458898+0300][INFO]: Connecting to database (line: 11)
[2024-12-11T21:44:38.789013+0300][INFO]: Connecting to database (line: 11)
[2024-12-11T21:44:38.818014+0300][INFO]: Updating users (line: 83)
[2024-12-11T21:44:38.837013+0300][INFO]: Bot started (line: 93)
[2024-12-11T21:44:39.972953+0300][INFO]: New user: 5799270912 (line: 198)
[2024-12-11T21:45:24.435013+0300][INFO]: Connecting to database (line: 11)
[2024-12-11T21:45:32.564077+0300][INFO]: Connecting to database (line: 11)
[2024-12-11T21:45:57.844191+0300][INFO]: Connecting to database (line: 11)
[2024-12-11T21:46:05.309878+0300][INFO]: Connecting to database (line: 11)
[2024-12-11T21:48:00.920897+0300][INFO]: Connecting to database (line: 11)
[2024-12-11T21:48:00.938900+0300][INFO]: Updating users (line: 83)
[2024-12-11T21:48:00.956900+0300][INFO]: Bot started (line: 93)
[2024-12-11T21:48:15.808370+0300][INFO]: Updating 815371016 (line: 143)
[2024-12-11T21:50:32.689858+0300][INFO]: Connecting to database (line: 11)
[2024-12-11T21:50:32.714867+0300][INFO]: Updating users (line: 83)
[2024-12-11T21:50:32.731858+0300][INFO]: Bot started (line: 93)
[2024-12-11T21:50:52.102186+0300][INFO]: Connecting to database (line: 11)
[2024-12-11T21:50:52.128188+0300][INFO]: Updating users (line: 83)
[2024-12-11T21:50:52.145186+0300][INFO]: Bot started (line: 93)
[2024-12-11T21:52:19.763851+0300][INFO]: Connecting to database (line: 11)
[2024-12-11T21:52:19.790851+0300][INFO]: Updating users (line: 83)
[2024-12-11T21:52:19.808851+0300][INFO]: Bot started (line: 93)
[2024-12-11T21:52:34.066185+0300][INFO]: Connecting to database (line: 11)
[2024-12-11T21:52:34.081185+0300][INFO]: Updating users (line: 83)
[2024-12-11T21:52:34.101185+0300][INFO]: Bot started (line: 93)
[2024-12-11T22:00:58.522016+0300][INFO]: Connecting to database (line: 11)
[2024-12-11T22:00:58.540007+0300][INFO]: Updating users (line: 83)
[2024-12-11T22:00:58.557006+0300][INFO]: Bot started (line: 93)
[2024-12-11T22:01:30.477184+0300][INFO]: Connecting to database (line: 11)
[2024-12-11T22:01:30.510172+0300][INFO]: Updating users (line: 83)
[2024-12-11T22:01:30.526179+0300][INFO]: Bot started (line: 94)
[2024-12-11T22:03:05.431668+0300][INFO]: Connecting to database (line: 11)
[2024-12-11T22:03:26.769817+0300][INFO]: Connecting to database (line: 11)
[2024-12-11T22:03:26.796816+0300][INFO]: Updating users (line: 83)
[2024-12-11T22:03:26.813815+0300][INFO]: Bot started (line: 94)
[2024-12-11T22:04:05.721127+0300][INFO]: Connecting to database (line: 11)
[2024-12-11T22:04:05.750129+0300][INFO]: Updating users (line: 83)
[2024-12-11T22:04:05.769132+0300][INFO]: Bot started (line: 94)
[2024-12-11T22:04:38.456720+0300][INFO]: Connecting to database (line: 11)
[2024-12-11T22:04:38.491720+0300][INFO]: Updating users (line: 83)
[2024-12-11T22:04:38.511716+0300][INFO]: Bot started (line: 94)
[2024-12-11T22:05:19.564955+0300][INFO]: Connecting to database (line: 11)
[2024-12-11T22:05:19.593953+0300][INFO]: Updating users (line: 83)
[2024-12-11T22:05:19.610952+0300][INFO]: Bot started (line: 94)
[2024-12-11T22:05:52.528362+0300][INFO]: Connecting to database (line: 11)
[2024-12-11T22:05:52.548363+0300][INFO]: Updating users (line: 83)
[2024-12-11T22:05:52.564401+0300][INFO]: Bot started (line: 94)
[2024-12-11T22:06:31.443596+0300][INFO]: Connecting to database (line: 11)
[2024-12-11T22:06:31.472704+0300][INFO]: Updating users (line: 83)
[2024-12-11T22:06:31.489694+0300][INFO]: Bot started (line: 94)
[2024-12-11T22:07:17.550627+0300][INFO]: Connecting to database (line: 11)
[2024-12-11T22:07:17.582629+0300][INFO]: Updating users (line: 83)
[2024-12-11T22:07:17.602622+0300][INFO]: Bot started (line: 94)
[2024-12-11T22:07:52.068390+0300][INFO]: Connecting to database (line: 11)
[2024-12-11T22:07:52.096399+0300][INFO]: Updating users (line: 83)
[2024-12-11T22:07:52.116393+0300][INFO]: Bot started (line: 94)
[2024-12-11T22:08:10.845281+0300][INFO]: Connecting to database (line: 11)
[2024-12-11T22:08:10.873281+0300][INFO]: Updating users (line: 83)
[2024-12-11T22:08:10.891281+0300][INFO]: Bot started (line: 94)
[2024-12-11T22:08:42.475617+0300][INFO]: Connecting to database (line: 11)
[2024-12-11T22:08:42.521617+0300][INFO]: Updating users (line: 83)
[2024-12-11T22:08:42.538597+0300][INFO]: Bot started (line: 94)
[2024-12-11T22:08:57.094750+0300][INFO]: Updating None (line: 148)
[2024-12-11T22:10:38.775289+0300][INFO]: Connecting to database (line: 11)
[2024-12-11T22:10:38.807290+0300][INFO]: Updating users (line: 83)
[2024-12-11T22:10:38.824287+0300][INFO]: Bot started (line: 94)
[2024-12-11T22:10:45.493770+0300][INFO]: Updating 1 (line: 148)
[2024-12-11T22:11:04.440325+0300][INFO]: Connecting to database (line: 11)
[2024-12-11T22:11:04.510329+0300][INFO]: Updating users (line: 83)
[2024-12-11T22:11:04.528325+0300][INFO]: Bot started (line: 94)
[2024-12-11T22:11:15.758661+0300][INFO]: Updating 815371016 (line: 148)
[2024-12-11T22:12:20.406454+0300][INFO]: Connecting to database (line: 11)
[2024-12-11T22:12:20.426454+0300][INFO]: Updating users (line: 83)
[2024-12-11T22:12:20.444455+0300][INFO]: Bot started (line: 94)
[2024-12-11T22:13:27.852565+0300][INFO]: Connecting to database (line: 11)
[2024-12-11T22:13:27.882574+0300][INFO]: Updating users (line: 83)
[2024-12-11T22:13:27.899563+0300][INFO]: Bot started (line: 94)
[2024-12-11T22:13:35.446162+0300][WARNING]: User already exist (line: 191)
[2024-12-11T22:13:50.956550+0300][INFO]: Updating 815371016 (line: 148)
[2024-12-11T22:14:06.837792+0300][INFO]: Updating 815371016 (line: 148)
[2024-12-11T22:15:03.679167+0300][INFO]: Connecting to database (line: 11)
[2024-12-11T22:15:03.699163+0300][INFO]: Updating users (line: 83)
[2024-12-11T22:15:03.716188+0300][INFO]: Bot started (line: 94)
[2024-12-11T22:15:03.716188+0300][INFO]: SECRET_HASH is 1205 (line: 95)
[2024-12-11T22:15:03.717195+0300][INFO]: SECRET_FACTOR is 475 (line: 96)
[2024-12-11T22:15:39.060517+0300][INFO]: Updating 815371016 (line: 148)
[2024-12-11T22:15:45.189366+0300][INFO]: Updating 815371016 (line: 148)
[2024-12-11T22:15:48.724641+0300][INFO]: Updating 815371016 (line: 148)
[2024-12-11T22:16:07.262587+0300][INFO]: Connecting to database (line: 11)
[2024-12-11T22:16:07.292587+0300][INFO]: Updating users (line: 83)
[2024-12-11T22:16:07.310585+0300][INFO]: Bot started (line: 94)
[2024-12-11T22:16:07.311585+0300][INFO]: SECRET_HASH is 56950 (line: 95)
[2024-12-11T22:16:07.311585+0300][INFO]: SECRET_FACTOR is 332 (line: 96)
[2024-12-11T22:16:29.911101+0300][INFO]: Updating 815371016 (line: 148)
[2024-12-11T22:16:33.202915+0300][INFO]: Updating 815371016 (line: 148)
[2024-12-11T22:17:56.954238+0300][INFO]: Connecting to database (line: 11)
[2024-12-11T22:17:56.973230+0300][INFO]: Updating users (line: 83)
[2024-12-11T22:17:56.990220+0300][INFO]: Bot started (line: 94)
[2024-12-11T22:17:56.991229+0300][INFO]: SECRET_HASH is 100 (line: 95)
[2024-12-11T22:17:56.991229+0300][INFO]: SECRET_FACTOR is 100 (line: 96)
[2024-12-11T22:21:01.389014+0300][INFO]: Connecting to database (line: 11)
[2024-12-11T22:21:01.409023+0300][INFO]: Updating users (line: 83)
[2024-12-11T22:21:01.426015+0300][INFO]: Bot started (line: 94)
[2024-12-11T22:21:01.426015+0300][INFO]: SECRET_HASH is 45439 (line: 95)
[2024-12-11T22:21:01.426015+0300][INFO]: SECRET_FACTOR is 664 (line: 96)
[2024-12-11T22:21:17.652074+0300][INFO]: Updating 815371016 (line: 148)
[2024-12-11T22:21:32.394284+0300][INFO]: Updating 815371016 (line: 148)
[2024-12-11T23:16:41.938490+0300][INFO]: Connecting to database (line: 11)
[2024-12-11T23:16:42.000488+0300][INFO]: Updating users (line: 83)
[2024-12-11T23:16:42.021491+0300][INFO]: Bot started (line: 94)
[2024-12-11T23:16:42.021491+0300][INFO]: SECRET_HASH is 5053 (line: 95)
[2024-12-11T23:16:42.022489+0300][INFO]: SECRET_FACTOR is 514 (line: 96)
[2024-12-11T23:17:06.123458+0300][INFO]: Connecting to database (line: 11)
[2024-12-11T23:17:14.079779+0300][INFO]: Connecting to database (line: 11)
[2024-12-11T23:17:14.097928+0300][INFO]: Updating users (line: 83)
[2024-12-11T23:17:14.114654+0300][INFO]: Bot started (line: 94)
[2024-12-11T23:17:14.114654+0300][INFO]: SECRET_HASH is 4309 (line: 95)
[2024-12-11T23:17:14.114654+0300][INFO]: SECRET_FACTOR is 661 (line: 96)
[2024-12-11T23:17:30.373793+0300][INFO]: New user: 815371016 (line: 203)
[2024-12-11T23:17:47.119878+0300][INFO]: New user: 6346467653 (line: 203)
[2024-12-11T23:18:17.170517+0300][INFO]: Connecting to database (line: 11)
[2024-12-11T23:18:17.199521+0300][INFO]: Updating users (line: 83)
[2024-12-11T23:18:17.220518+0300][INFO]: Bot started (line: 94)
[2024-12-11T23:18:17.221518+0300][INFO]: SECRET_HASH is 37163 (line: 95)
[2024-12-11T23:18:17.221518+0300][INFO]: SECRET_FACTOR is 325 (line: 96)
[2024-12-11T23:18:55.388196+0300][INFO]: Connecting to database (line: 11)
[2024-12-11T23:18:55.407194+0300][INFO]: Updating users (line: 83)
[2024-12-11T23:18:55.424194+0300][INFO]: Bot started (line: 94)
[2024-12-11T23:18:55.425193+0300][INFO]: SECRET_HASH is 76662 (line: 95)
[2024-12-11T23:18:55.425193+0300][INFO]: SECRET_FACTOR is 705 (line: 96)
[2024-12-11T23:19:27.355475+0300][INFO]: New user: 6346467653 (line: 203)
[2024-12-11T23:19:55.750926+0300][INFO]: Connecting to database (line: 11)
[2024-12-11T23:19:55.773921+0300][INFO]: Updating users (line: 83)
[2024-12-11T23:19:55.792917+0300][INFO]: Bot started (line: 94)
[2024-12-11T23:19:55.792917+0300][INFO]: SECRET_HASH is 7544 (line: 95)
[2024-12-11T23:19:55.792917+0300][INFO]: SECRET_FACTOR is 145 (line: 96)
[2024-12-11T23:20:19.207132+0300][INFO]: New user: 6346467653 (line: 203)
[2024-12-11T23:20:36.251179+0300][INFO]: Connecting to database (line: 11)
[2024-12-11T23:20:36.279159+0300][INFO]: Updating users (line: 83)
[2024-12-11T23:20:36.296165+0300][INFO]: Bot started (line: 94)
[2024-12-11T23:20:36.296165+0300][INFO]: SECRET_HASH is 78514 (line: 95)
[2024-12-11T23:20:36.297162+0300][INFO]: SECRET_FACTOR is 459 (line: 96)
[2024-12-11T23:20:50.996254+0300][INFO]: Connecting to database (line: 11)
[2024-12-11T23:20:51.024261+0300][INFO]: Updating users (line: 83)
[2024-12-11T23:20:51.041256+0300][INFO]: Bot started (line: 94)
[2024-12-11T23:20:51.042258+0300][INFO]: SECRET_HASH is 31883 (line: 95)
[2024-12-11T23:20:51.042258+0300][INFO]: SECRET_FACTOR is 527 (line: 96)
[2024-12-11T23:20:55.592263+0300][INFO]: New user: 6346467653 (line: 203)
[2024-12-11T23:20:57.612517+0300][INFO]: Updating 6346467653 (line: 148)
[2024-12-11T23:22:37.379123+0300][INFO]: Connecting to database (line: 11)
[2024-12-11T23:22:37.413123+0300][INFO]: Updating users (line: 83)
[2024-12-11T23:22:37.437122+0300][INFO]: Bot started (line: 94)
[2024-12-11T23:22:37.437122+0300][INFO]: SECRET_HASH is 38981 (line: 95)
[2024-12-11T23:22:37.438122+0300][INFO]: SECRET_FACTOR is 472 (line: 96)
[2024-12-11T23:22:40.651493+0300][WARNING]: User already exist (line: 191)
[2024-12-11T23:23:01.921877+0300][INFO]: Connecting to database (line: 11)
[2024-12-11T23:23:01.951878+0300][INFO]: Updating users (line: 83)
[2024-12-11T23:23:01.968885+0300][INFO]: Bot started (line: 94)
[2024-12-11T23:23:01.968885+0300][INFO]: SECRET_HASH is 83399 (line: 95)
[2024-12-11T23:23:01.968885+0300][INFO]: SECRET_FACTOR is 403 (line: 96)
[2024-12-11T23:23:25.577047+0300][INFO]: Connecting to database (line: 11)
[2024-12-11T23:23:25.595051+0300][INFO]: Updating users (line: 83)
[2024-12-11T23:23:25.613047+0300][INFO]: Bot started (line: 94)
[2024-12-11T23:23:25.613047+0300][INFO]: SECRET_HASH is 56318 (line: 95)
[2024-12-11T23:23:25.613047+0300][INFO]: SECRET_FACTOR is 765 (line: 96)
[2024-12-11T23:24:04.976453+0300][INFO]: Connecting to database (line: 11)
[2024-12-11T23:24:04.995453+0300][INFO]: Updating users (line: 83)
[2024-12-11T23:24:05.012452+0300][INFO]: Bot started (line: 94)
[2024-12-11T23:24:05.012452+0300][INFO]: SECRET_HASH is 68049 (line: 95)
[2024-12-11T23:24:05.013453+0300][INFO]: SECRET_FACTOR is 537 (line: 96)
[2024-12-11T23:24:27.477186+0300][INFO]: Connecting to database (line: 11)
[2024-12-11T23:24:27.504173+0300][INFO]: Updating users (line: 83)
[2024-12-11T23:24:27.521174+0300][INFO]: Bot started (line: 94)
[2024-12-11T23:24:27.521174+0300][INFO]: SECRET_HASH is 20002 (line: 95)
[2024-12-11T23:24:27.522173+0300][INFO]: SECRET_FACTOR is 321 (line: 96)
[2024-12-11T23:24:47.076680+0300][INFO]: Connecting to database (line: 11)
[2024-12-11T23:24:47.103676+0300][INFO]: Updating users (line: 83)
[2024-12-11T23:24:47.120999+0300][INFO]: Bot started (line: 94)
[2024-12-11T23:24:47.120999+0300][INFO]: SECRET_HASH is 6178 (line: 95)
[2024-12-11T23:24:47.120999+0300][INFO]: SECRET_FACTOR is 280 (line: 96)
[2024-12-11T23:25:32.990163+0300][INFO]: Connecting to database (line: 11)
[2024-12-11T23:25:33.021167+0300][INFO]: Updating users (line: 83)
[2024-12-11T23:25:33.038163+0300][INFO]: Bot started (line: 94)
[2024-12-11T23:25:33.039174+0300][INFO]: SECRET_HASH is 63961 (line: 95)
[2024-12-11T23:25:33.039174+0300][INFO]: SECRET_FACTOR is 845 (line: 96)
[2024-12-11T23:26:04.499884+0300][INFO]: Updating 6346467653 (line: 148)
[2024-12-11T23:26:50.158123+0300][INFO]: Connecting to database (line: 11)
[2024-12-11T23:26:50.196148+0300][INFO]: Updating users (line: 83)
[2024-12-11T23:26:50.214113+0300][INFO]: Bot started (line: 94)
[2024-12-11T23:26:50.215114+0300][INFO]: SECRET_HASH is 6950 (line: 95)
[2024-12-11T23:26:50.215114+0300][INFO]: SECRET_FACTOR is 708 (line: 96)
[2024-12-11T23:27:00.733964+0300][INFO]: Connecting to database (line: 11)
[2024-12-11T23:27:00.762969+0300][INFO]: Updating users (line: 83)
[2024-12-11T23:27:00.779967+0300][INFO]: Bot started (line: 94)
[2024-12-11T23:27:00.780965+0300][INFO]: SECRET_HASH is 33729 (line: 95)
[2024-12-11T23:27:00.780965+0300][INFO]: SECRET_FACTOR is 865 (line: 96)
[2024-12-11T23:27:18.898764+0300][INFO]: Updating 6346467653 (line: 148)
[2024-12-11T23:27:53.455809+0300][INFO]: Connecting to database (line: 11)
[2024-12-11T23:27:53.479786+0300][INFO]: Updating users (line: 83)
[2024-12-11T23:27:53.498783+0300][INFO]: Bot started (line: 94)
[2024-12-11T23:27:53.498783+0300][INFO]: SECRET_HASH is 4232 (line: 95)
[2024-12-11T23:27:53.498783+0300][INFO]: SECRET_FACTOR is 704 (line: 96)
[2024-12-11T23:28:09.532546+0300][INFO]: Updating 6346467653 (line: 148)
[2024-12-11T23:28:51.749566+0300][INFO]: Connecting to database (line: 11)
[2024-12-11T23:28:51.786535+0300][INFO]: Updating users (line: 83)
[2024-12-11T23:28:51.803542+0300][INFO]: Bot started (line: 94)
[2024-12-11T23:28:51.803542+0300][INFO]: SECRET_HASH is 8179 (line: 95)
[2024-12-11T23:28:51.803542+0300][INFO]: SECRET_FACTOR is 379 (line: 96)
[2024-12-11T23:29:58.462392+0300][INFO]: Connecting to database (line: 11)
[2024-12-11T23:29:58.541819+0300][INFO]: Updating users (line: 83)
[2024-12-11T23:29:58.559831+0300][INFO]: Bot started (line: 94)
[2024-12-11T23:29:58.559831+0300][INFO]: SECRET_HASH is 93514 (line: 95)
[2024-12-11T23:29:58.560808+0300][INFO]: SECRET_FACTOR is 838 (line: 96)
[2024-12-11T23:30:00.255540+0300][INFO]: Updating 5 (line: 148)
[2024-12-11T23:30:24.305869+0300][INFO]: Updating 6346467653 (line: 148)
[2024-12-11T23:30:30.561220+0300][INFO]: Updating 5 (line: 148)
[2024-12-11T23:33:01.123742+0300][INFO]: Connecting to database (line: 11)
[2024-12-11T23:33:01.157743+0300][INFO]: Updating users (line: 83)
[2024-12-11T23:33:01.175743+0300][INFO]: Bot started (line: 94)
[2024-12-11T23:33:01.175743+0300][INFO]: SECRET_HASH is 31830 (line: 95)
[2024-12-11T23:33:01.175743+0300][INFO]: SECRET_FACTOR is 123 (line: 96)
[2024-12-11T23:33:08.757074+0300][INFO]: Updating 5 (line: 150)
[2024-12-11T23:33:22.278122+0300][INFO]: Connecting to database (line: 11)
[2024-12-11T23:33:22.312123+0300][INFO]: Updating users (line: 83)
[2024-12-11T23:33:22.330128+0300][INFO]: Bot started (line: 94)
[2024-12-11T23:33:22.330128+0300][INFO]: SECRET_HASH is 13351 (line: 95)
[2024-12-11T23:33:22.330128+0300][INFO]: SECRET_FACTOR is 267 (line: 96)
[2024-12-11T23:33:28.704791+0300][INFO]: Updating 5 (line: 149)
[2024-12-11T23:33:57.135768+0300][INFO]: Connecting to database (line: 11)
[2024-12-11T23:33:57.166770+0300][INFO]: Updating users (line: 83)
[2024-12-11T23:33:57.185767+0300][INFO]: Bot started (line: 94)
[2024-12-11T23:33:57.185767+0300][INFO]: SECRET_HASH is 25530 (line: 95)
[2024-12-11T23:33:57.185767+0300][INFO]: SECRET_FACTOR is 320 (line: 96)
[2024-12-11T23:34:13.904272+0300][INFO]: Updating 6346467653 (line: 148)
[2024-12-11T23:35:08.136322+0300][INFO]: Connecting to database (line: 11)
[2024-12-11T23:35:08.168651+0300][INFO]: Updating users (line: 83)
[2024-12-11T23:35:08.186503+0300][INFO]: Bot started (line: 94)
[2024-12-11T23:35:08.186503+0300][INFO]: SECRET_HASH is 89576 (line: 95)
[2024-12-11T23:35:08.186503+0300][INFO]: SECRET_FACTOR is 604 (line: 96)
[2024-12-11T23:35:26.297757+0300][INFO]: Updating 6346467653 (line: 150)
[2024-12-11T23:35:29.655946+0300][INFO]: Updating 6346467653 (line: 150)
[2024-12-11T23:35:39.915775+0300][INFO]: Updating 6346467653 (line: 150)
[2024-12-11T23:35:44.178080+0300][INFO]: Updating 6346467653 (line: 150)
[2024-12-11T23:36:31.702070+0300][INFO]: Connecting to database (line: 11)
[2024-12-11T23:36:31.731071+0300][INFO]: Updating users (line: 83)
[2024-12-11T23:36:31.748076+0300][INFO]: Bot started (line: 94)
[2024-12-11T23:36:31.748076+0300][INFO]: SECRET_HASH is 46197 (line: 95)
[2024-12-11T23:36:31.748076+0300][INFO]: SECRET_FACTOR is 742 (line: 96)
[2024-12-11T23:37:01.668709+0300][INFO]: Connecting to database (line: 11)
[2024-12-11T23:37:01.697709+0300][INFO]: Updating users (line: 83)
[2024-12-11T23:37:01.714723+0300][INFO]: Bot started (line: 94)
[2024-12-11T23:37:01.714723+0300][INFO]: SECRET_HASH is 16168 (line: 95)
[2024-12-11T23:37:01.715707+0300][INFO]: SECRET_FACTOR is 431 (line: 96)
[2024-12-11T23:37:26.879974+0300][INFO]: Updating 6346467653 (line: 150)
[2024-12-11T23:37:31.276742+0300][INFO]: Updating 6346467653 (line: 150)
[2024-12-11T23:38:40.501326+0300][INFO]: Connecting to database (line: 11)
[2024-12-11T23:38:40.518324+0300][INFO]: Updating users (line: 83)
[2024-12-11T23:38:40.536334+0300][INFO]: Bot started (line: 94)
[2024-12-11T23:38:40.536334+0300][INFO]: SECRET_HASH is 73982 (line: 95)
[2024-12-11T23:38:40.536334+0300][INFO]: SECRET_FACTOR is 157 (line: 96)
[2024-12-11T23:39:16.072415+0300][INFO]: Connecting to database (line: 11)
[2024-12-11T23:39:16.088415+0300][INFO]: Updating users (line: 83)
[2024-12-11T23:39:16.105416+0300][INFO]: Bot started (line: 94)
[2024-12-11T23:39:16.106415+0300][INFO]: SECRET_HASH is 50139 (line: 95)
[2024-12-11T23:39:16.106415+0300][INFO]: SECRET_FACTOR is 743 (line: 96)
[2024-12-11T23:39:25.343179+0300][INFO]: Connecting to database (line: 11)
[2024-12-11T23:39:25.386153+0300][INFO]: Updating users (line: 83)
[2024-12-11T23:39:25.405153+0300][INFO]: Bot started (line: 94)
[2024-12-11T23:39:25.405153+0300][INFO]: SECRET_HASH is 29734 (line: 95)
[2024-12-11T23:39:25.405153+0300][INFO]: SECRET_FACTOR is 654 (line: 96)
[2024-12-11T23:40:15.352286+0300][INFO]: Connecting to database (line: 11)
[2024-12-11T23:40:15.370837+0300][INFO]: Updating users (line: 83)
[2024-12-11T23:40:15.389839+0300][INFO]: Bot started (line: 94)
[2024-12-11T23:40:15.389839+0300][INFO]: SECRET_HASH is 12625 (line: 95)
[2024-12-11T23:40:15.390840+0300][INFO]: SECRET_FACTOR is 832 (line: 96)
[2024-12-11T23:40:40.838880+0300][INFO]: Connecting to database (line: 11)
[2024-12-11T23:40:40.855882+0300][INFO]: Updating users (line: 83)
[2024-12-11T23:40:40.873889+0300][INFO]: Bot started (line: 94)
[2024-12-11T23:40:40.873889+0300][INFO]: SECRET_HASH is 19315 (line: 95)
[2024-12-11T23:40:40.874880+0300][INFO]: SECRET_FACTOR is 161 (line: 96)
[2024-12-11T23:41:17.467700+0300][INFO]: Connecting to database (line: 11)
[2024-12-11T23:41:17.488670+0300][INFO]: Updating users (line: 83)
[2024-12-11T23:41:17.509675+0300][INFO]: Bot started (line: 94)
[2024-12-11T23:41:17.509675+0300][INFO]: SECRET_HASH is 62486 (line: 95)
[2024-12-11T23:41:17.509675+0300][INFO]: SECRET_FACTOR is 738 (line: 96)
[2024-12-11T23:41:24.869424+0300][INFO]: Updating 815371016 (line: 150)
[2024-12-11T23:41:25.464294+0300][INFO]: Updating 815371016 (line: 150)
[2024-12-11T23:41:36.677374+0300][INFO]: Updating 815371016 (line: 150)
[2024-12-11T23:42:33.878720+0300][INFO]: Connecting to database (line: 11)
[2024-12-11T23:42:33.902688+0300][INFO]: Updating users (line: 83)
[2024-12-11T23:42:33.924688+0300][INFO]: Bot started (line: 94)
[2024-12-11T23:42:33.924688+0300][INFO]: SECRET_HASH is 35245 (line: 95)
[2024-12-11T23:42:33.925688+0300][INFO]: SECRET_FACTOR is 132 (line: 96)
[2024-12-11T23:43:15.816383+0300][INFO]: Connecting to database (line: 11)
[2024-12-11T23:43:15.835342+0300][INFO]: Updating users (line: 83)
[2024-12-11T23:43:15.855382+0300][INFO]: Bot started (line: 94)
[2024-12-11T23:43:15.856373+0300][INFO]: SECRET_HASH is 72385 (line: 95)
[2024-12-11T23:43:15.856373+0300][INFO]: SECRET_FACTOR is 112 (line: 96)
[2024-12-11T23:44:05.956914+0300][INFO]: Connecting to database (line: 11)
[2024-12-11T23:44:05.974892+0300][INFO]: Updating users (line: 83)
[2024-12-11T23:44:05.991894+0300][INFO]: Bot started (line: 94)
[2024-12-11T23:44:05.992920+0300][INFO]: SECRET_HASH is 78205 (line: 95)
[2024-12-11T23:44:05.992920+0300][INFO]: SECRET_FACTOR is 664 (line: 96)
[2024-12-11T23:44:29.418282+0300][INFO]: Connecting to database (line: 11)
[2024-12-11T23:44:29.450283+0300][INFO]: Updating users (line: 83)
[2024-12-11T23:44:29.470284+0300][INFO]: Bot started (line: 94)
[2024-12-11T23:44:29.471283+0300][INFO]: SECRET_HASH is 6128 (line: 95)
[2024-12-11T23:44:29.471283+0300][INFO]: SECRET_FACTOR is 440 (line: 96)
[2024-12-11T23:44:30.009284+0300][INFO]: Updating None (line: 150)
[2024-12-11T23:45:45.365312+0300][INFO]: Connecting to database (line: 11)
[2024-12-11T23:45:45.393313+0300][INFO]: Updating users (line: 83)
[2024-12-11T23:45:45.410309+0300][INFO]: Bot started (line: 94)
[2024-12-11T23:45:45.410309+0300][INFO]: SECRET_HASH is 49790 (line: 95)
[2024-12-11T23:45:45.411316+0300][INFO]: SECRET_FACTOR is 427 (line: 96)
[2024-12-11T23:45:50.006291+0300][INFO]: Updating None (line: 150)
[2024-12-11T23:46:20.218367+0300][INFO]: Connecting to database (line: 11)
[2024-12-11T23:46:20.255365+0300][INFO]: Updating users (line: 83)
[2024-12-11T23:46:20.277367+0300][INFO]: Bot started (line: 94)
[2024-12-11T23:46:20.277367+0300][INFO]: SECRET_HASH is 90623 (line: 95)
[2024-12-11T23:46:20.277367+0300][INFO]: SECRET_FACTOR is 593 (line: 96)
[2024-12-11T23:47:44.176992+0300][INFO]: Connecting to database (line: 11)
[2024-12-11T23:47:44.206993+0300][INFO]: Updating users (line: 83)
[2024-12-11T23:47:44.228994+0300][INFO]: Bot started (line: 94)
[2024-12-11T23:47:44.228994+0300][INFO]: SECRET_HASH is 21245 (line: 95)
[2024-12-11T23:47:44.229993+0300][INFO]: SECRET_FACTOR is 779 (line: 96)
[2024-12-11T23:48:00.013842+0300][INFO]: Updating None (line: 150)
[2024-12-11T23:48:00.803516+0300][INFO]: Updating None (line: 150)
[2024-12-11T23:49:56.197883+0300][INFO]: Connecting to database (line: 11)
[2024-12-11T23:49:56.229883+0300][INFO]: Updating users (line: 83)
[2024-12-11T23:49:56.247887+0300][INFO]: Bot started (line: 94)
[2024-12-11T23:49:56.248905+0300][INFO]: SECRET_HASH is 70543 (line: 95)
[2024-12-11T23:49:56.248905+0300][INFO]: SECRET_FACTOR is 313 (line: 96)
[2024-12-11T23:50:00.018017+0300][INFO]: Updating 6346467653 (line: 150)
[2024-12-11T23:50:00.353487+0300][INFO]: Updating 815371016 (line: 150)
[2024-12-11T23:50:26.289243+0300][INFO]: Updating 815371016 (line: 150)
[2024-12-11T23:53:19.087445+0300][INFO]: Updating 6346467653 (line: 150)
[2024-12-12T19:40:49.843294+0300][INFO]: Connecting to database (line: 11)
[2024-12-12T19:40:57.882293+0300][INFO]: Connecting to database (line: 11)
[2024-12-12T19:40:57.961294+0300][INFO]: Updating users (line: 83)
[2024-12-12T19:40:58.001293+0300][INFO]: Bot started (line: 94)
[2024-12-12T19:40:58.001293+0300][INFO]: SECRET_HASH is 84783 (line: 95)
[2024-12-12T19:40:58.002295+0300][INFO]: SECRET_FACTOR is 536 (line: 96)
[2024-12-12T19:41:03.951337+0300][INFO]: New user: 815371016 (line: 205)
[2024-12-12T19:41:40.603319+0300][INFO]: New user: 1135974739 (line: 205)
[2024-12-12T19:41:48.851303+0300][INFO]: Updating 1135974739 (line: 150)
[2024-12-12T19:42:59.970967+0300][WARNING]: User already exist (line: 193)
[2024-12-12T19:44:29.566912+0300][INFO]: Connecting to database (line: 11)
[2024-12-12T19:44:29.595912+0300][INFO]: Updating users (line: 83)
[2024-12-12T19:44:29.614914+0300][INFO]: Bot started (line: 96)
[2024-12-12T19:44:29.614914+0300][INFO]: SECRET_HASH is 25090 (line: 97)
[2024-12-12T19:44:29.615913+0300][INFO]: SECRET_FACTOR is 877 (line: 98)
[2024-12-12T19:44:39.843437+0300][INFO]: Connecting to database (line: 11)
[2024-12-12T19:44:39.860436+0300][INFO]: Updating users (line: 83)
[2024-12-12T19:44:39.879436+0300][INFO]: Bot started (line: 96)
[2024-12-12T19:44:39.880436+0300][INFO]: SECRET_HASH is 33480 (line: 97)
[2024-12-12T19:44:39.880436+0300][INFO]: SECRET_FACTOR is 229 (line: 98)
[2024-12-12T19:44:40.899232+0300][WARNING]: User already exist (line: 193)
[2024-12-12T19:44:40.902236+0300][WARNING]: User already exist (line: 193)
[2024-12-12T19:44:40.905235+0300][WARNING]: User already exist (line: 193)
[2024-12-12T19:45:15.813687+0300][INFO]: Updating 815371016 (line: 150)
[2024-12-12T19:46:27.684785+0300][INFO]: Updating 1135974739 (line: 150)
[2024-12-12T19:47:20.513464+0300][INFO]: Connecting to database (line: 11)
[2024-12-12T19:47:20.531465+0300][INFO]: Updating users (line: 83)
[2024-12-12T19:47:20.549464+0300][INFO]: Bot started (line: 98)
[2024-12-12T19:47:20.549464+0300][INFO]: SECRET_HASH is 31568 (line: 99)
[2024-12-12T19:47:20.549464+0300][INFO]: SECRET_FACTOR is 255 (line: 100)
[2024-12-12T19:48:00.005122+0300][INFO]: Updating 815371016 (line: 150)
[2024-12-12T19:48:00.376222+0300][INFO]: Updating 1135974739 (line: 150)
[2024-12-12T19:49:46.831962+0300][INFO]: Updating 815371016 (line: 150)
[2024-12-12T19:54:21.075834+0300][INFO]: Connecting to database (line: 11)
[2024-12-12T19:54:21.092836+0300][INFO]: Updating users (line: 83)
[2024-12-12T19:54:21.109833+0300][INFO]: Bot started (line: 98)
[2024-12-12T19:54:21.110835+0300][INFO]: SECRET_HASH is 35126 (line: 99)
[2024-12-12T19:54:21.110835+0300][INFO]: SECRET_FACTOR is 595 (line: 100)
[2024-12-12T19:57:31.876864+0300][INFO]: Connecting to database (line: 11)
[2024-12-12T19:57:40.981549+0300][INFO]: Connecting to database (line: 11)
[2024-12-12T19:57:41.010550+0300][INFO]: Updating users (line: 83)
[2024-12-12T19:57:41.028548+0300][INFO]: Bot started (line: 98)
[2024-12-12T19:57:41.028548+0300][INFO]: SECRET_HASH is 56097 (line: 99)
[2024-12-12T19:57:41.028548+0300][INFO]: SECRET_FACTOR is 582 (line: 100)
[2024-12-12T19:59:02.894333+0300][INFO]: Updating 1135974739 (line: 150)
[2024-12-12T20:03:00.125258+0300][INFO]: Connecting to database (line: 11)
[2024-12-12T20:03:00.154257+0300][INFO]: Updating users (line: 83)
[2024-12-12T20:03:00.172257+0300][INFO]: Bot started (line: 98)
[2024-12-12T20:03:00.173258+0300][INFO]: SECRET_HASH is 23295 (line: 99)
[2024-12-12T20:03:00.173258+0300][INFO]: SECRET_FACTOR is 600 (line: 100)
[2024-12-12T20:03:37.431700+0300][INFO]: New user: 6346467653 (line: 205)
[2024-12-12T20:03:51.856515+0300][INFO]: Updating 6346467653 (line: 150)
[2024-12-12T20:04:35.704885+0300][INFO]: Connecting to database (line: 11)
[2024-12-12T20:04:35.736878+0300][INFO]: Updating users (line: 83)
[2024-12-12T20:04:35.754333+0300][INFO]: Bot started (line: 98)
[2024-12-12T20:04:35.754333+0300][INFO]: SECRET_HASH is 28025 (line: 99)
[2024-12-12T20:04:35.755347+0300][INFO]: SECRET_FACTOR is 588 (line: 100)
[2024-12-12T20:04:47.009517+0300][INFO]: New user: 6346467653 (line: 205)
[2024-12-12T20:05:10.812817+0300][INFO]: Connecting to database (line: 11)
[2024-12-12T20:05:10.835222+0300][INFO]: Updating users (line: 83)
[2024-12-12T20:05:10.854249+0300][INFO]: Bot started (line: 98)
[2024-12-12T20:05:10.855223+0300][INFO]: SECRET_HASH is 65042 (line: 99)
[2024-12-12T20:05:10.855223+0300][INFO]: SECRET_FACTOR is 784 (line: 100)
[2024-12-12T20:05:24.741859+0300][INFO]: New user: 6346467653 (line: 205)
[2024-12-12T20:05:28.598095+0300][INFO]: Updating 6346467653 (line: 150)
[2024-12-12T20:05:43.594489+0300][INFO]: Connecting to database (line: 11)
[2024-12-12T20:05:43.612480+0300][INFO]: Updating users (line: 83)
[2024-12-12T20:05:43.629483+0300][INFO]: Bot started (line: 98)
[2024-12-12T20:05:43.629483+0300][INFO]: SECRET_HASH is 8396 (line: 99)
[2024-12-12T20:05:43.630486+0300][INFO]: SECRET_FACTOR is 826 (line: 100)
[2024-12-12T20:05:56.722010+0300][INFO]: New user: 6346467653 (line: 205)
[2024-12-12T20:05:59.753449+0300][INFO]: Updating 6346467653 (line: 150)
[2024-12-12T20:29:01.203067+0300][INFO]: Connecting to database (line: 11)
[2024-12-12T20:29:01.451410+0300][INFO]: Connecting to database (line: 11)
[2024-12-12T20:34:42.742402+0300][INFO]: Connecting to database (line: 11)
[2024-12-12T20:35:05.116343+0300][INFO]: Connecting to database (line: 11)
[2024-12-12T20:37:14.739912+0300][INFO]: Connecting to database (line: 11)
[2024-12-12T20:38:48.373450+0300][INFO]: Connecting to database (line: 11)
[2024-12-12T20:39:17.337814+0300][INFO]: Connecting to database (line: 11)
[2024-12-12T20:39:17.687144+0300][INFO]: Updating users (line: 83)
[2024-12-12T20:39:17.746272+0300][INFO]: Bot started (line: 94)
[2024-12-12T20:39:17.747061+0300][INFO]: SECRET_HASH is 44379 (line: 95)
[2024-12-12T20:39:17.747061+0300][INFO]: SECRET_FACTOR is 810 (line: 96)
[2024-12-12T20:39:20.084251+0300][INFO]: New user: 1135974739 (line: 205)
[2024-12-12T20:39:20.326741+0300][WARNING]: User already exist (line: 193)
[2024-12-12T20:39:20.428602+0300][WARNING]: User already exist (line: 193)
[2024-12-12T20:39:20.523997+0300][WARNING]: User already exist (line: 193)
[2024-12-12T20:39:20.616963+0300][WARNING]: User already exist (line: 193)
[2024-12-12T20:39:20.824502+0300][WARNING]: User already exist (line: 193)
[2024-12-12T20:39:20.916857+0300][WARNING]: User already exist (line: 193)
[2024-12-12T20:39:21.020884+0300][WARNING]: User already exist (line: 193)
[2024-12-12T20:39:21.114087+0300][WARNING]: User already exist (line: 193)
[2024-12-12T20:39:21.214155+0300][WARNING]: User already exist (line: 193)
[2024-12-12T20:39:21.524897+0300][WARNING]: User already exist (line: 193)
[2024-12-12T20:39:21.701325+0300][WARNING]: User already exist (line: 193)
[2024-12-12T20:39:21.795061+0300][WARNING]: User already exist (line: 193)
[2024-12-12T20:39:33.156967+0300][INFO]: Connecting to database (line: 11)
[2024-12-12T20:39:33.571064+0300][INFO]: Updating users (line: 83)
[2024-12-12T20:39:33.848064+0300][INFO]: Bot started (line: 94)
[2024-12-12T20:39:33.848064+0300][INFO]: SECRET_HASH is 33516 (line: 95)
[2024-12-12T20:39:33.848064+0300][INFO]: SECRET_FACTOR is 574 (line: 96)
[2024-12-12T20:39:44.507870+0300][INFO]: New user: 815371016 (line: 205)
[2024-12-12T20:40:15.895522+0300][WARNING]: User already exist (line: 193)
[2024-12-12T20:40:16.153093+0300][WARNING]: User already exist (line: 193)
[2024-12-12T20:40:16.340773+0300][WARNING]: User already exist (line: 193)
[2024-12-12T20:40:16.504114+0300][WARNING]: User already exist (line: 193)
[2024-12-12T20:40:18.985607+0300][WARNING]: User already exist (line: 193)
[2024-12-12T20:40:20.084013+0300][WARNING]: User already exist (line: 193)
[2024-12-12T20:40:20.996709+0300][WARNING]: User already exist (line: 193)
